2025-10-25 18:28:03, MOVE, v:1, k:poo@camisa, mode:DOWN
2025-10-25 18:28:05, MOVE, v:1, k:poo@camisa, mode:PICK
2025-10-25 18:37:00, EXEC, v:1, k:poo@camisa, mode:LOCK, rate:0, size:29
2025-10-25 18:38:27, EXEC, v:1, k:poo@camisa, mode:LOCK, rate:0, size:29
2025-10-25 18:39:04, EXEC, v:1, k:poo@camisa, mode:LOCK, rate:0, size:29
2025-10-25 18:39:16, EXEC, v:1, k:poo@camisa, mode:LOCK, rate:0, size:29
2025-10-25 18:41:52, EXEC, v:1, k:poo@camisa, mode:LOCK, rate:0
2025-10-25 18:43:18, EXEC, v:1, k:poo@camisa, mode:LOCK, rate:0, size:28
2025-10-25 18:44:05, EXEC, v:1, k:poo@camisa, mode:LOCK, rate:0, size:28
2025-10-25 18:44:14, MOVE, v:1, k:poo@camisa, mode:PICK
2025-10-25 18:44:16, EXEC, v:1, k:poo@camisa, mode:LOCK, rate:0, size:28
2025-10-25 18:44:17, EXEC, v:1, k:poo@camisa, mode:LOCK, rate:0
2025-10-25 18:44:18, EXEC, v:1, k:poo@camisa, mode:FREE
2025-10-25 18:49:31, EXEC, v:1, k:poo@camisa, mode:LOCK, rate:0, size:35
2025-10-25 18:49:59, EXEC, v:1, k:poo@camisa, mode:LOCK, rate:0
2025-10-25 18:50:03, EXEC, v:1, k:poo@camisa, mode:LOCK, rate:0, size:34
2025-10-25 18:50:05, EXEC, v:1, k:poo@camisa, mode:LOCK, rate:0
2025-10-25 18:50:09, EXEC, v:1, k:poo@camisa, mode:LOCK, rate:0, size:35
2025-10-25 18:50:18, EXEC, v:1, k:poo@camisa, mode:LOCK, rate:0, size:35
2025-10-25 18:51:25, EXEC, v:1, k:poo@camisa, mode:LOCK, rate:0, size:37
2025-10-25 18:51:27, EXEC, v:1, k:poo@camisa, mode:LOCK, rate:0
2025-10-25 18:51:28, EXEC, v:1, k:poo@camisa, mode:LOCK, rate:0, size:38
2025-10-25 18:52:05, EXEC, v:1, k:poo@camisa, mode:LOCK, rate:0, size:37
2025-10-25 18:52:36, EXEC, v:1, k:poo@camisa, mode:LOCK, rate:0
2025-10-25 18:52:41, EXEC, v:1, k:poo@camisa, mode:LOCK, rate:0, size:37
2025-10-25 18:52:43, EXEC, v:1, k:poo@camisa, mode:LOCK, rate:0, size:37
2025-10-25 18:52:43, EXEC, v:1, k:poo@camisa, mode:LOCK, rate:0, size:37
2025-10-25 18:52:43, EXEC, v:1, k:poo@camisa, mode:LOCK, rate:0, size:37
2025-10-25 18:52:44, EXEC, v:1, k:poo@camisa, mode:LOCK, rate:0
2025-10-25 18:52:44, EXEC, v:1, k:poo@camisa, mode:LOCK, rate:0
2025-10-25 18:52:44, EXEC, v:1, k:poo@camisa, mode:LOCK, rate:0
2025-10-25 18:52:44, EXEC, v:1, k:poo@camisa, mode:LOCK, rate:0
2025-10-25 18:52:44, EXEC, v:1, k:poo@camisa, mode:LOCK, rate:0
2025-10-25 18:52:44, EXEC, v:1, k:poo@camisa, mode:LOCK, rate:0
2025-10-25 18:52:44, EXEC, v:1, k:poo@camisa, mode:LOCK, rate:0
2025-10-25 18:52:44, EXEC, v:1, k:poo@camisa, mode:LOCK, rate:0
2025-10-25 18:52:45, EXEC, v:1, k:poo@camisa, mode:LOCK, rate:0
2025-10-25 18:52:45, EXEC, v:1, k:poo@camisa, mode:LOCK, rate:0
2025-10-25 18:52:45, EXEC, v:1, k:poo@camisa, mode:LOCK, rate:0
2025-10-25 18:52:45, EXEC, v:1, k:poo@camisa, mode:LOCK, rate:0
2025-10-25 18:53:37, EXEC, v:1, k:poo@camisa, mode:LOCK, rate:0, size:37
2025-10-25 18:53:45, EXEC, v:1, k:poo@camisa, mode:LOCK, rate:0
2025-10-25 18:53:46, EXEC, v:1, k:poo@camisa, mode:LOCK, rate:0
2025-10-25 18:53:46, EXEC, v:1, k:poo@camisa, mode:LOCK, rate:0
2025-10-25 18:54:17, EXEC, v:1, k:poo@camisa, mode:LOCK, rate:0
2025-10-25 18:54:18, EXEC, v:1, k:poo@camisa, mode:LOCK, rate:0
2025-10-25 18:54:18, EXEC, v:1, k:poo@camisa, mode:LOCK, rate:0
2025-10-25 18:54:19, EXEC, v:1, k:poo@camisa, mode:LOCK, rate:0
2025-10-25 18:54:24, EXEC, v:1, k:poo@camisa, mode:LOCK, rate:0
2025-10-25 18:55:01, EXEC, v:1, k:poo@camisa, mode:LOCK, rate:0
2025-10-25 18:55:01, EXEC, v:1, k:poo@camisa, mode:LOCK, rate:0
2025-10-25 18:55:24, EXEC, v:1, k:poo@camisa, mode:LOCK, rate:0
2025-10-25 18:55:25, EXEC, v:1, k:poo@camisa, mode:FREE
2025-10-25 18:56:46, EXEC, v:1, k:poo@camisa, mode:LOCK, rate:0, size:37
2025-10-25 18:57:02, EXEC, v:1, k:poo@camisa, mode:LOCK, rate:0
2025-10-25 18:57:04, EXEC, v:1, k:poo@camisa, mode:FREE
2025-10-25 19:27:36, MOVE, v:1, k:poo@roupa, mode:DOWN
2025-10-25 19:27:37, MOVE, v:1, k:poo@roupa, mode:PICK
2025-10-25 19:27:39, EXEC, v:1, k:poo@roupa, mode:FULL, rate:0, size:0
2025-10-25 19:27:40, EXEC, v:1, k:poo@roupa, mode:FULL, rate:0
