2025-10-26 18:00:00, MOVE, v:1, k:poo@camisa, mode:PICK
2025-10-26 18:00:11, EXEC, v:1, k:poo@camisa, mode:LOCK, rate:0
2025-10-26 18:02:08, MOVE, v:1, k:poo@camisa, mode:BACK
2025-10-26 18:02:08, MOVE, v:1, k:poo@camisa, mode:PICK
2025-10-26 18:03:12, MOVE, v:1, k:poo@roupa, mode:PICK
2025-10-26 18:05:39, EXEC, v:1, k:poo@roupa, mode:FULL, rate:0, size:41
2025-10-26 18:06:11, EXEC, v:1, k:poo@roupa, mode:FULL, rate:0, size:41
2025-10-26 18:06:32, EXEC, v:1, k:poo@roupa, mode:FULL, rate:0, size:41
2025-10-26 18:07:09, EXEC, v:1, k:poo@roupa, mode:FULL, rate:0, size:41
2025-10-26 18:07:31, EXEC, v:1, k:poo@roupa, mode:FULL, rate:0, size:41
2025-10-26 18:08:18, EXEC, v:1, k:poo@roupa, mode:FULL, rate:0, size:41
2025-10-26 18:09:10, EXEC, v:1, k:poo@roupa, mode:FULL, rate:0, size:41
2025-10-26 18:15:10, EXEC, v:1, k:poo@roupa, mode:FULL, rate:0, size:41
2025-10-26 18:15:10, EXEC, v:1, k:poo@roupa, mode:FULL, rate:0, size:41
2025-10-26 18:15:25, EXEC, v:1, k:poo@roupa, mode:FREE, size:41
2025-10-26 18:15:41, EXEC, v:1, k:poo@roupa, mode:FREE
2025-10-26 18:16:17, MOVE, v:1, k:poo@roupa, mode:PICK
2025-10-26 18:16:19, EXEC, v:1, k:poo@roupa, mode:FULL, rate:0
2025-10-26 18:16:19, EXEC, v:1, k:poo@roupa, mode:FULL, rate:0
2025-10-26 18:18:46, EXEC, v:1, k:poo@roupa, mode:FULL, rate:0, size:51
2025-10-26 18:18:59, EXEC, v:1, k:poo@roupa, mode:FULL, rate:0, size:51
2025-10-26 18:19:13, EXEC, v:1, k:poo@roupa, mode:FULL, rate:0, size:51
2025-10-26 18:27:03, EXEC, v:1, k:poo@roupa, mode:FULL, rate:0, size:61
2025-10-26 18:27:16, EXEC, v:1, k:poo@roupa, mode:FULL, rate:0
2025-10-26 18:27:49, EXEC, v:1, k:poo@roupa, mode:FULL, rate:0, size:59
2025-10-26 18:28:41, EXEC, v:1, k:poo@roupa, mode:FULL, rate:0, size:59
2025-10-26 18:28:53, EXEC, v:1, k:poo@roupa, mode:FULL, rate:0, size:59
2025-10-26 18:33:22, EXEC, v:1, k:poo@roupa, mode:FULL, rate:0, size:59
2025-10-26 18:34:50, EXEC, v:1, k:poo@roupa, mode:FULL, rate:0, size:59
2025-10-26 18:36:16, EXEC, v:1, k:poo@roupa, mode:FULL, rate:0, size:59
2025-10-26 18:39:19, EXEC, v:1, k:poo@roupa, mode:FULL, rate:0, size:59
2025-10-26 18:41:03, EXEC, v:1, k:poo@roupa, mode:FULL, rate:0, size:59
2025-10-26 18:46:14, EXEC, v:1, k:poo@roupa, mode:FULL, rate:0, size:62
2025-10-26 18:51:01, EXEC, v:1, k:poo@roupa, mode:FULL, rate:0, size:57
2025-10-26 18:56:18, EXEC, v:1, k:poo@roupa, mode:FULL, rate:0, size:57
2025-10-26 18:57:18, EXEC, v:1, k:poo@roupa, mode:FULL, rate:0
2025-10-26 18:58:40, EXEC, v:1, k:poo@roupa, mode:FULL, rate:0, size:58
2025-10-26 18:59:32, EXEC, v:1, k:poo@roupa, mode:FULL, rate:0
2025-10-26 18:59:35, EXEC, v:1, k:poo@roupa, mode:FULL, rate:100, size:58
2025-10-26 18:59:44, MOVE, v:1, k:poo@roupa, mode:BACK
2025-10-26 18:59:44, MOVE, v:1, k:poo@roupa, mode:PICK
2025-10-26 18:59:45, MOVE, v:1, k:poo@roupa, mode:BACK
2025-10-26 18:59:46, MOVE, v:1, k:poo@roupa, mode:PICK
2025-10-26 18:59:46, MOVE, v:1, k:poo@roupa, mode:BACK
2025-10-26 18:59:51, MOVE, v:1, k:poo@camisa, mode:PICK
2025-10-26 18:59:53, EXEC, v:1, k:poo@camisa, mode:LOCK, rate:0
2025-10-26 18:59:55, EXEC, v:1, k:poo@camisa, mode:LOCK, rate:0
2025-10-26 18:59:58, MOVE, v:1, k:poo@camisa, mode:BACK
2025-10-26 18:59:58, MOVE, v:1, k:poo@camisa, mode:PICK
2025-10-26 18:59:58, MOVE, v:1, k:poo@camisa, mode:BACK
2025-10-26 18:59:59, MOVE, v:1, k:poo@chinela, mode:PICK
2025-10-26 19:00:00, EXEC, v:1, k:poo@chinela, mode:LOCK, rate:0
2025-10-26 19:00:34, EXEC, v:1, k:poo@chinela, mode:LOCK, rate:0
2025-10-26 19:00:36, MOVE, v:1, k:poo@chinela, mode:BACK
